Determining if the include file direct.h exists failed with the following output:
Change Dir: C:/Users/Hp/OneDrive/Desktop/Oboe-minimal/Oboe-Regular-Updates/Oboe-minimal/oboe_recorder_minimal/app/.cxx/cmake/debug/x86/CMakeFiles/CMakeTmp

Run Build Command:"C:\Users\Hp\AppData\Local\Android\Sdk\cmake\3.10.2.4988404\bin\ninja.exe" "cmTC_e6356"
[1/2] Building C object CMakeFiles/cmTC_e6356.dir/CheckIncludeFile.c.o
FAILED: CMakeFiles/cmTC_e6356.dir/CheckIncludeFile.c.o 
C:\Users\Hp\AppData\Local\Android\Sdk\ndk\21.1.6352462\toolchains\llvm\prebuilt\windows-x86_64\bin\clang.exe --target=i686-none-linux-android16 --gcc-toolchain=C:/Users/Hp/AppData/Local/Android/Sdk/ndk/21.1.6352462/toolchains/llvm/prebuilt/windows-x86_64 --sysroot=C:/Users/Hp/AppData/Local/Android/Sdk/ndk/21.1.6352462/toolchains/llvm/prebuilt/windows-x86_64/sysroot -D_FILE_OFFSET_BITS=64  -g -DANDROID -fdata-sections -ffunction-sections -funwind-tables -fstack-protector-strong -no-canonical-prefixes -mstackrealign -D_FORTIFY_SOURCE=2 -Wformat -Werror=format-security   -fPIE -o CMakeFiles/cmTC_e6356.dir/CheckIncludeFile.c.o   -c CheckIncludeFile.c
CheckIncludeFile.c:1:10: fatal error: 'direct.h' file not found
#include <direct.h>
         ^~~~~~~~~~
1 error generated.
ninja: build stopped: subcommand failed.


Determining if the include file io.h exists failed with the following output:
Change Dir: C:/Users/Hp/OneDrive/Desktop/Oboe-minimal/Oboe-Regular-Updates/Oboe-minimal/oboe_recorder_minimal/app/.cxx/cmake/debug/x86/CMakeFiles/CMakeTmp

Run Build Command:"C:\Users\Hp\AppData\Local\Android\Sdk\cmake\3.10.2.4988404\bin\ninja.exe" "cmTC_11d5f"
[1/2] Building C object CMakeFiles/cmTC_11d5f.dir/CheckIncludeFile.c.o
FAILED: CMakeFiles/cmTC_11d5f.dir/CheckIncludeFile.c.o 
C:\Users\Hp\AppData\Local\Android\Sdk\ndk\21.1.6352462\toolchains\llvm\prebuilt\windows-x86_64\bin\clang.exe --target=i686-none-linux-android16 --gcc-toolchain=C:/Users/Hp/AppData/Local/Android/Sdk/ndk/21.1.6352462/toolchains/llvm/prebuilt/windows-x86_64 --sysroot=C:/Users/Hp/AppData/Local/Android/Sdk/ndk/21.1.6352462/toolchains/llvm/prebuilt/windows-x86_64/sysroot -D_FILE_OFFSET_BITS=64  -g -DANDROID -fdata-sections -ffunction-sections -funwind-tables -fstack-protector-strong -no-canonical-prefixes -mstackrealign -D_FORTIFY_SOURCE=2 -Wformat -Werror=format-security   -fPIE -o CMakeFiles/cmTC_11d5f.dir/CheckIncludeFile.c.o   -c CheckIncludeFile.c
CheckIncludeFile.c:1:10: fatal error: 'io.h' file not found
#include <io.h>
         ^~~~~~
1 error generated.
ninja: build stopped: subcommand failed.


Determining if the function sqlite3_close exists in the sqlite3 failed with the following output:
Change Dir: C:/Users/Hp/OneDrive/Desktop/Oboe-minimal/Oboe-Regular-Updates/Oboe-minimal/oboe_recorder_minimal/app/.cxx/cmake/debug/x86/CMakeFiles/CMakeTmp

Run Build Command:"C:\Users\Hp\AppData\Local\Android\Sdk\cmake\3.10.2.4988404\bin\ninja.exe" "cmTC_d7db4"
[1/2] Building C object CMakeFiles/cmTC_d7db4.dir/CheckFunctionExists.c.o
[2/2] Linking C executable cmTC_d7db4
FAILED: cmTC_d7db4 
cmd.exe /C "cd . && C:\Users\Hp\AppData\Local\Android\Sdk\ndk\21.1.6352462\toolchains\llvm\prebuilt\windows-x86_64\bin\clang.exe --target=i686-none-linux-android16 --gcc-toolchain=C:/Users/Hp/AppData/Local/Android/Sdk/ndk/21.1.6352462/toolchains/llvm/prebuilt/windows-x86_64 --sysroot=C:/Users/Hp/AppData/Local/Android/Sdk/ndk/21.1.6352462/toolchains/llvm/prebuilt/windows-x86_64/sysroot -g -DANDROID -fdata-sections -ffunction-sections -funwind-tables -fstack-protector-strong -no-canonical-prefixes -mstackrealign -D_FORTIFY_SOURCE=2 -Wformat -Werror=format-security  -DCHECK_FUNCTION_EXISTS=sqlite3_close  -Wl,--exclude-libs,libgcc.a -Wl,--exclude-libs,libgcc_real.a -Wl,--exclude-libs,libatomic.a -static-libstdc++ -Wl,--build-id -Wl,--fatal-warnings -Wl,--no-undefined -Qunused-arguments -Wl,--gc-sections CMakeFiles/cmTC_d7db4.dir/CheckFunctionExists.c.o  -o cmTC_d7db4  -lsqlite3 -lm -latomic -lm && cd ."
C:/Users/Hp/AppData/Local/Android/Sdk/ndk/21.1.6352462/toolchains/llvm/prebuilt/windows-x86_64/lib/gcc/i686-linux-android/4.9.x/../../../../i686-linux-android/bin\ld: error: cannot find -lsqlite3
C:/Users/Hp/AppData/Local/Android/Sdk/cmake/3.10.2.4988404/share/cmake-3.10/Modules/CheckFunctionExists.c:17: error: undefined reference to 'sqlite3_close'
clang: error: linker command failed with exit code 1 (use -v to see invocation)
ninja: build stopped: subcommand failed.


Determining if the function fstat64 exists failed with the following output:
Change Dir: C:/Users/Hp/OneDrive/Desktop/Oboe-minimal/Oboe-Regular-Updates/Oboe-minimal/oboe_recorder_minimal/app/.cxx/cmake/debug/x86/CMakeFiles/CMakeTmp

Run Build Command:"C:\Users\Hp\AppData\Local\Android\Sdk\cmake\3.10.2.4988404\bin\ninja.exe" "cmTC_f06f7"
[1/2] Building C object CMakeFiles/cmTC_f06f7.dir/CheckFunctionExists.c.o
[2/2] Linking C executable cmTC_f06f7
FAILED: cmTC_f06f7 
cmd.exe /C "cd . && C:\Users\Hp\AppData\Local\Android\Sdk\ndk\21.1.6352462\toolchains\llvm\prebuilt\windows-x86_64\bin\clang.exe --target=i686-none-linux-android16 --gcc-toolchain=C:/Users/Hp/AppData/Local/Android/Sdk/ndk/21.1.6352462/toolchains/llvm/prebuilt/windows-x86_64 --sysroot=C:/Users/Hp/AppData/Local/Android/Sdk/ndk/21.1.6352462/toolchains/llvm/prebuilt/windows-x86_64/sysroot -g -DANDROID -fdata-sections -ffunction-sections -funwind-tables -fstack-protector-strong -no-canonical-prefixes -mstackrealign -D_FORTIFY_SOURCE=2 -Wformat -Werror=format-security  -DCHECK_FUNCTION_EXISTS=fstat64  -Wl,--exclude-libs,libgcc.a -Wl,--exclude-libs,libgcc_real.a -Wl,--exclude-libs,libatomic.a -static-libstdc++ -Wl,--build-id -Wl,--fatal-warnings -Wl,--no-undefined -Qunused-arguments -Wl,--gc-sections CMakeFiles/cmTC_f06f7.dir/CheckFunctionExists.c.o  -o cmTC_f06f7  -lm -latomic -lm && cd ."
C:/Users/Hp/AppData/Local/Android/Sdk/cmake/3.10.2.4988404/share/cmake-3.10/Modules/CheckFunctionExists.c:17: error: undefined reference to 'fstat64'
clang: error: linker command failed with exit code 1 (use -v to see invocation)
ninja: build stopped: subcommand failed.


